<?xml version="1.0" encoding="UTF-8"?>
<!-- Generated by org.testng.reporters.JUnitReportReporter -->
<testsuite hostname="SHUBHAM-PC" failures="0" tests="1" name="testRunner.TestRunner" time="24.811" errors="0" timestamp="2023-10-06T12:18:29 IST" skipped="0">
  <testcase classname="testRunner.TestRunner" name="runScenario" time="24.811"/>
  <system-out/>
</testsuite> <!-- testRunner.TestRunner -->
